<?xml version="1.0" encoding="UTF-8"?>
<!-- Generated by org.testng.reporters.JUnitXMLReporter -->
<testsuite ignored="0" hostname="LAPTOP-F41SU3D1" failures="0" tests="8" name="Test" time="52.39" errors="0" timestamp="2025-04-10T10:44:05 IST">
  <testcase classname="salesandinv.Checkout" name="CheckoutTest" time="2.083"/>
  <testcase classname="salesandinv.Login" name="LoginTest" time="0.208"/>
  <testcase classname="salesandinv.Deleteproduct" name="DeleteproductTest" time="22.235"/>
  <testcase classname="salesandinv.CustomerTest" name="CustomerpageTest" time="1.369"/>
  <testcase classname="salesandinv.Logout" name="LogoutTest" time="5.673"/>
  <testcase classname="salesandinv.Admincheckout" name="AdmincheckoutTest" time="0.235"/>
  <testcase classname="salesandinv.suppiler" name="suppilerTest" time="0.267"/>
  <testcase classname="salesandinv.AddToCart" name="AddToCartTest" time="0.909"/>
</testsuite> <!-- Test -->
