<?xml version="1.0" encoding="UTF-8"?>
<!-- Generated by org.testng.reporters.JUnitXMLReporter -->
<testsuite ignored="0" hostname="LAPTOP-F41SU3D1" failures="0" tests="8" name="Test" time="64.224" errors="0" timestamp="10 Apr 2025 04:05:41 GMT">
  <testcase classname="salesandinv.Checkout" name="CheckoutTest" time="1.806"/>
  <testcase classname="salesandinv.Login" name="LoginTest" time="0.321"/>
  <testcase classname="salesandinv.Deleteproduct" name="DeleteproductTest" time="0.392"/>
  <testcase classname="salesandinv.CustomerTest" name="CustomerpageTest" time="1.171"/>
  <testcase classname="salesandinv.Logout" name="LogoutTest" time="5.595"/>
  <testcase classname="salesandinv.Admincheckout" name="AdmincheckoutTest" time="0.371"/>
  <testcase classname="salesandinv.suppiler" name="suppilerTest" time="22.824"/>
  <testcase classname="salesandinv.AddToCart" name="AddToCartTest" time="0.462"/>
</testsuite> <!-- Test -->
