<?xml version="1.0" encoding="UTF-8"?>
<testng-results ignored="0" total="8" passed="8" failed="0" skipped="0">
  <reporter-output>
  </reporter-output>
  <suite started-at="2025-04-10T13:26:25 IST" name="Suite" finished-at="2025-04-10T13:27:11 IST" duration-ms="45248">
    <groups>
      <group name="smoke">
        <method signature="Admincheckout_Test.adminCheckout_Test()[pri:0, instance:salesandinv.Admincheckout_Test@3f6f6701]" name="adminCheckout_Test" class="salesandinv.Admincheckout_Test"/>
        <method signature="CustomerTest.Customerpage_Test()[pri:0, instance:salesandinv.CustomerTest@942a29c]" name="Customerpage_Test" class="salesandinv.CustomerTest"/>
      </group> <!-- smoke -->
    </groups>
    <test started-at="2025-04-10T13:26:25 IST" name="Test" finished-at="2025-04-10T13:27:11 IST" duration-ms="45248">
      <class name="salesandinv.Logout_Test">
        <test-method is-config="true" signature="configBM(java.lang.String)[pri:0, instance:salesandinv.Logout_Test@5a45133e]" started-at="2025-04-10T13:26:58 IST" name="configBM" finished-at="2025-04-10T13:27:00 IST" duration-ms="1680" status="PASS">
          <params>
            <param index="0">
              <value>
                <![CDATA[chrome]]>
              </value>
            </param>
          </params>
          <reporter-output>
          </reporter-output>
        </test-method> <!-- configBM -->
        <test-method signature="logout_Test()[pri:0, instance:salesandinv.Logout_Test@5a45133e]" started-at="2025-04-10T13:27:00 IST" name="logout_Test" finished-at="2025-04-10T13:27:05 IST" duration-ms="5320" status="PASS">
          <reporter-output>
          </reporter-output>
        </test-method> <!-- logout_Test -->
        <test-method is-config="true" signature="configAM()[pri:0, instance:salesandinv.Logout_Test@5a45133e]" started-at="2025-04-10T13:27:05 IST" name="configAM" finished-at="2025-04-10T13:27:05 IST" duration-ms="176" status="PASS">
          <reporter-output>
          </reporter-output>
        </test-method> <!-- configAM -->
      </class> <!-- salesandinv.Logout_Test -->
      <class name="salesandinv.Suppiler_Test">
        <test-method is-config="true" signature="configBM(java.lang.String)[pri:0, instance:salesandinv.Suppiler_Test@534a5a98]" started-at="2025-04-10T13:27:05 IST" name="configBM" finished-at="2025-04-10T13:27:07 IST" duration-ms="1610" status="PASS">
          <params>
            <param index="0">
              <value>
                <![CDATA[chrome]]>
              </value>
            </param>
          </params>
          <reporter-output>
          </reporter-output>
        </test-method> <!-- configBM -->
        <test-method signature="suppiler_Test()[pri:0, instance:salesandinv.Suppiler_Test@534a5a98]" started-at="2025-04-10T13:27:07 IST" name="suppiler_Test" finished-at="2025-04-10T13:27:07 IST" duration-ms="297" status="PASS">
          <reporter-output>
          </reporter-output>
        </test-method> <!-- suppiler_Test -->
        <test-method is-config="true" signature="configAM()[pri:0, instance:salesandinv.Suppiler_Test@534a5a98]" started-at="2025-04-10T13:27:07 IST" name="configAM" finished-at="2025-04-10T13:27:07 IST" duration-ms="167" status="PASS">
          <reporter-output>
          </reporter-output>
        </test-method> <!-- configAM -->
      </class> <!-- salesandinv.Suppiler_Test -->
      <class name="salesandinv.AddToCart_Test">
        <test-method is-config="true" signature="configBM(java.lang.String)[pri:0, instance:salesandinv.AddToCart_Test@729d991e]" started-at="2025-04-10T13:26:25 IST" name="configBM" finished-at="2025-04-10T13:26:28 IST" duration-ms="2342" status="PASS">
          <params>
            <param index="0">
              <value>
                <![CDATA[chrome]]>
              </value>
            </param>
          </params>
          <reporter-output>
          </reporter-output>
        </test-method> <!-- configBM -->
        <test-method signature="addToCart_Test()[pri:0, instance:salesandinv.AddToCart_Test@729d991e]" started-at="2025-04-10T13:26:28 IST" name="addToCart_Test" finished-at="2025-04-10T13:26:28 IST" duration-ms="313" status="PASS">
          <reporter-output>
          </reporter-output>
        </test-method> <!-- addToCart_Test -->
        <test-method is-config="true" signature="configAM()[pri:0, instance:salesandinv.AddToCart_Test@729d991e]" started-at="2025-04-10T13:26:28 IST" name="configAM" finished-at="2025-04-10T13:26:28 IST" duration-ms="227" status="PASS">
          <reporter-output>
          </reporter-output>
        </test-method> <!-- configAM -->
      </class> <!-- salesandinv.AddToCart_Test -->
      <class name="salesandinv.Admincheckout_Test">
        <test-method is-config="true" signature="configBM(java.lang.String)[pri:0, instance:salesandinv.Admincheckout_Test@3f6f6701]" started-at="2025-04-10T13:26:28 IST" name="configBM" finished-at="2025-04-10T13:26:30 IST" duration-ms="1736" status="PASS">
          <params>
            <param index="0">
              <value>
                <![CDATA[chrome]]>
              </value>
            </param>
          </params>
          <reporter-output>
          </reporter-output>
        </test-method> <!-- configBM -->
        <test-method signature="adminCheckout_Test()[pri:0, instance:salesandinv.Admincheckout_Test@3f6f6701]" started-at="2025-04-10T13:26:30 IST" name="adminCheckout_Test" finished-at="2025-04-10T13:26:30 IST" duration-ms="265" status="PASS">
          <reporter-output>
          </reporter-output>
        </test-method> <!-- adminCheckout_Test -->
        <test-method is-config="true" signature="configAM()[pri:0, instance:salesandinv.Admincheckout_Test@3f6f6701]" started-at="2025-04-10T13:26:30 IST" name="configAM" finished-at="2025-04-10T13:26:30 IST" duration-ms="169" status="PASS">
          <reporter-output>
          </reporter-output>
        </test-method> <!-- configAM -->
      </class> <!-- salesandinv.Admincheckout_Test -->
      <class name="salesandinv.Login_Test">
        <test-method is-config="true" signature="configBM(java.lang.String)[pri:0, instance:salesandinv.Login_Test@3527942a]" started-at="2025-04-10T13:26:30 IST" name="configBM" finished-at="2025-04-10T13:26:32 IST" duration-ms="1778" status="PASS">
          <params>
            <param index="0">
              <value>
                <![CDATA[chrome]]>
              </value>
            </param>
          </params>
          <reporter-output>
          </reporter-output>
        </test-method> <!-- configBM -->
        <test-method signature="login_Test()[pri:0, instance:salesandinv.Login_Test@3527942a]" started-at="2025-04-10T13:26:32 IST" name="login_Test" finished-at="2025-04-10T13:26:32 IST" duration-ms="172" status="PASS">
          <reporter-output>
          </reporter-output>
        </test-method> <!-- login_Test -->
        <test-method is-config="true" signature="configAM()[pri:0, instance:salesandinv.Login_Test@3527942a]" started-at="2025-04-10T13:26:32 IST" name="configAM" finished-at="2025-04-10T13:26:32 IST" duration-ms="155" status="PASS">
          <reporter-output>
          </reporter-output>
        </test-method> <!-- configAM -->
      </class> <!-- salesandinv.Login_Test -->
      <class name="salesandinv.Deleteproduct_Test">
        <test-method is-config="true" signature="configBM(java.lang.String)[pri:0, instance:salesandinv.Deleteproduct_Test@1ed6388a]" started-at="2025-04-10T13:26:56 IST" name="configBM" finished-at="2025-04-10T13:26:58 IST" duration-ms="1666" status="PASS">
          <params>
            <param index="0">
              <value>
                <![CDATA[chrome]]>
              </value>
            </param>
          </params>
          <reporter-output>
          </reporter-output>
        </test-method> <!-- configBM -->
        <test-method signature="deleteProduct_Test()[pri:0, instance:salesandinv.Deleteproduct_Test@1ed6388a]" started-at="2025-04-10T13:26:58 IST" name="deleteProduct_Test" finished-at="2025-04-10T13:26:58 IST" duration-ms="268" status="PASS">
          <reporter-output>
          </reporter-output>
        </test-method> <!-- deleteProduct_Test -->
        <test-method is-config="true" signature="configAM()[pri:0, instance:salesandinv.Deleteproduct_Test@1ed6388a]" started-at="2025-04-10T13:26:58 IST" name="configAM" finished-at="2025-04-10T13:26:58 IST" duration-ms="203" status="PASS">
          <reporter-output>
          </reporter-output>
        </test-method> <!-- configAM -->
      </class> <!-- salesandinv.Deleteproduct_Test -->
      <class name="salesandinv.CustomerTest">
        <test-method is-config="true" signature="configBM(java.lang.String)[pri:0, instance:salesandinv.CustomerTest@942a29c]" started-at="2025-04-10T13:26:32 IST" name="configBM" finished-at="2025-04-10T13:26:34 IST" duration-ms="1674" status="PASS">
          <params>
            <param index="0">
              <value>
                <![CDATA[chrome]]>
              </value>
            </param>
          </params>
          <reporter-output>
          </reporter-output>
        </test-method> <!-- configBM -->
        <test-method signature="Customerpage_Test()[pri:0, instance:salesandinv.CustomerTest@942a29c]" started-at="2025-04-10T13:26:34 IST" name="Customerpage_Test" finished-at="2025-04-10T13:26:56 IST" duration-ms="21592" status="PASS">
          <reporter-output>
          </reporter-output>
        </test-method> <!-- Customerpage_Test -->
        <test-method is-config="true" signature="configAM()[pri:0, instance:salesandinv.CustomerTest@942a29c]" started-at="2025-04-10T13:26:56 IST" name="configAM" finished-at="2025-04-10T13:26:56 IST" duration-ms="208" status="PASS">
          <reporter-output>
          </reporter-output>
        </test-method> <!-- configAM -->
      </class> <!-- salesandinv.CustomerTest -->
      <class name="salesandinv.Checkout_Test">
        <test-method is-config="true" signature="configBM(java.lang.String)[pri:0, instance:salesandinv.Checkout_Test@4f80542f]" started-at="2025-04-10T13:27:07 IST" name="configBM" finished-at="2025-04-10T13:27:09 IST" duration-ms="1251" status="PASS">
          <params>
            <param index="0">
              <value>
                <![CDATA[chrome]]>
              </value>
            </param>
          </params>
          <reporter-output>
          </reporter-output>
        </test-method> <!-- configBM -->
        <test-method signature="checkout_Test()[pri:0, instance:salesandinv.Checkout_Test@4f80542f]" started-at="2025-04-10T13:27:09 IST" name="checkout_Test" finished-at="2025-04-10T13:27:10 IST" duration-ms="1781" status="PASS">
          <reporter-output>
          </reporter-output>
        </test-method> <!-- checkout_Test -->
        <test-method is-config="true" signature="configAM()[pri:0, instance:salesandinv.Checkout_Test@4f80542f]" started-at="2025-04-10T13:27:10 IST" name="configAM" finished-at="2025-04-10T13:27:11 IST" duration-ms="154" status="PASS">
          <reporter-output>
          </reporter-output>
        </test-method> <!-- configAM -->
      </class> <!-- salesandinv.Checkout_Test -->
    </test> <!-- Test -->
  </suite> <!-- Suite -->
</testng-results>
